<?xml version="1.0"?>
<testsuite name="Chrome 65.0.3325 (Windows 10.0.0)" package="" timestamp="2018-03-15T15:58:10" id="0" hostname="MOV06359" tests="9" errors="0" failures="1" time="4.15">
  <properties>
    <property name="browser.fullName" value="Mozilla/5.0 (Windows NT 10.0; Win64; x64) AppleWebKit/537.36 (KHTML, like Gecko) Chrome/65.0.3325.162 Safari/537.36"/>
  </properties>
  <testcase name="AppComponent should create the app" time="0.944" classname="Chrome_65_0_3325_(Windows_10_0_0).AppComponent"/>
  <testcase name="AppComponent should have as title undefined" time="0.747" classname="Chrome_65_0_3325_(Windows_10_0_0).AppComponent"/>
  <testcase name="AppComponent navigate to &quot;&quot; redirects you to /home" time="0.787" classname="Chrome_65_0_3325_(Windows_10_0_0).AppComponent"/>
  <testcase name="AppComponent navigate to &quot;categorias&quot; takes you to /categorias" time="0.556" classname="Chrome_65_0_3325_(Windows_10_0_0).AppComponent"/>
  <testcase name="Component: Admin canGet returns users" time="0.238" classname="Chrome_65_0_3325_(Windows_10_0_0).Component: Admin"/>
  <testcase name="Component: Catalogo canGet returns contracts" time="0.348" classname="Chrome_65_0_3325_(Windows_10_0_0).Component: Catalogo">
    <failure type="">Error: StaticInjectorError(DynamicTestModule)[CatalogoProvider -&gt; InjectionToken app.config]: 
  StaticInjectorError(Platform: core)[CatalogoProvider -&gt; InjectionToken app.config]: 
    NullInjectorError: No provider for InjectionToken app.config!
    at _NullInjector.webpackJsonp../node_modules/@angular/core/esm5/core.js._NullInjector.get node_modules/@angular/core/esm5/core.js:1002:1)
    at resolveToken node_modules/@angular/core/esm5/core.js:1300:1)
    at tryResolveToken node_modules/@angular/core/esm5/core.js:1242:1)
    at StaticInjector.webpackJsonp../node_modules/@angular/core/esm5/core.js.StaticInjector.get node_modules/@angular/core/esm5/core.js:1110:1)
    at resolveToken node_modules/@angular/core/esm5/core.js:1300:1)
    at tryResolveToken node_modules/@angular/core/esm5/core.js:1242:1)
    at StaticInjector.webpackJsonp../node_modules/@angular/core/esm5/core.js.StaticInjector.get node_modules/@angular/core/esm5/core.js:1110:1)
    at resolveNgModuleDep node_modules/@angular/core/esm5/core.js:10854:1)
    at NgModuleRef_.webpackJsonp../node_modules/@angular/core/esm5/core.js.NgModuleRef_.get node_modules/@angular/core/esm5/core.js:12087:1)
    at resolveDep node_modules/@angular/core/esm5/core.js:12577:1)
</failure>
    <failure type="">Error: &lt;spyOn&gt; : could not find an object to spy upon for get()
Usage: spyOn(&lt;object&gt;, &lt;methodName&gt;)
    at Object.&lt;anonymous&gt; src/pages/catalogos/catalogo.component.spec.ts:59:5)
    at ZoneDelegate.webpackJsonp../node_modules/zone.js/dist/zone.js.ZoneDelegate.invoke node_modules/zone.js/dist/zone.js:388:1)
    at ProxyZoneSpec.webpackJsonp../node_modules/zone.js/dist/zone-testing.js.ProxyZoneSpec.onInvoke node_modules/zone.js/dist/zone-testing.js:239:1)
    at ZoneDelegate.webpackJsonp../node_modules/zone.js/dist/zone.js.ZoneDelegate.invoke node_modules/zone.js/dist/zone.js:387:1)
    at Zone.webpackJsonp../node_modules/zone.js/dist/zone.js.Zone.run node_modules/zone.js/dist/zone.js:138:1)
    at Object.&lt;anonymous&gt; node_modules/zone.js/dist/zone-testing.js:409:1)
</failure>
  </testcase>
  <testcase name="Component: Estados Informe canGet returns report states" time="0.251" classname="Chrome_65_0_3325_(Windows_10_0_0).Component: Estados Informe"/>
  <testcase name="Component: Login canLogin returns user when the user: UserName': 'juanf.galiana@Ezentis.com', 'Password': 'Kurosaki15'" time="0.258" classname="Chrome_65_0_3325_(Windows_10_0_0).Component: Login"/>
  <testcase name="CatalogoProvider should return an Observable&lt;CatalogoModel[]>" time="0.021" classname="Chrome_65_0_3325_(Windows_10_0_0).CatalogoProvider"/>
  <system-out>
    <![CDATA[Chrome 65.0.3325 (Windows 10.0.0) LOG: 'intercepted request ... '
,Chrome 65.0.3325 (Windows 10.0.0) LOG: 'Sending request with new header now ...'

]]>
  </system-out>
  <system-err/>
</testsuite>